[INFO ][20170510 10:07:51,534][AbstractApplicationContext:513] Refreshing org.springframework.context.support.ClassPathXmlApplicationContext@2157a5c3: startup date [Wed May 10 10:07:51 CST 2017]; root of context hierarchy
[INFO ][20170510 10:07:51,578][XmlBeanDefinitionReader:316] Loading XML bean definitions from class path resource [spring/spring-context.xml]
[INFO ][20170510 10:07:51,894][XmlBeanDefinitionReader:316] Loading XML bean definitions from class path resource [spring/spring-mq.xml]
[INFO ][20170510 10:07:51,996][PropertiesLoaderSupport:172] Loading properties file from class path resource [mq.properties]
[INFO ][20170510 10:07:52,123][MQProducerTestA:30] ==>生产者A:send message:0
[INFO ][20170510 10:07:52,295][SingleConnectionFactory:298] Established shared JMS Connection: PooledConnection { ConnectionPool[ActiveMQConnection {id=ID:z-PC-52560-1494382072171-1:1,clientId=null,started=false}] }
[INFO ][20170510 10:07:52,345][FailoverTransport:1030] Successfully connected to tcp://192.168.1.5:51511
[INFO ][20170510 10:07:53,139][MQProducerTestA:30] ==>生产者A:send message:1
[INFO ][20170510 10:07:53,655][MQProducerTestA:30] ==>生产者A:send message:2
[INFO ][20170510 10:07:54,172][MQProducerTestA:30] ==>生产者A:send message:3
[INFO ][20170510 10:07:54,682][MQProducerTestA:30] ==>生产者A:send message:4
[INFO ][20170510 10:07:55,199][MQProducerTestA:30] ==>生产者A:send message:5
[INFO ][20170510 10:07:55,716][MQProducerTestA:30] ==>生产者A:send message:6
[INFO ][20170510 10:07:56,229][MQProducerTestA:30] ==>生产者A:send message:7
[INFO ][20170510 10:07:56,739][MQProducerTestA:30] ==>生产者A:send message:8
[INFO ][20170510 10:07:57,256][MQProducerTestA:30] ==>生产者A:send message:9
[INFO ][20170510 10:07:57,767][MQProducerTestA:30] ==>生产者A:send message:10
[INFO ][20170510 10:07:58,280][MQProducerTestA:30] ==>生产者A:send message:11
[INFO ][20170510 10:07:58,792][MQProducerTestA:30] ==>生产者A:send message:12
[INFO ][20170510 10:07:59,301][MQProducerTestA:30] ==>生产者A:send message:13
[INFO ][20170510 10:07:59,811][MQProducerTestA:30] ==>生产者A:send message:14
[INFO ][20170510 10:08:00,321][MQProducerTestA:30] ==>生产者A:send message:15
[INFO ][20170510 10:08:00,843][MQProducerTestA:30] ==>生产者A:send message:16
[INFO ][20170510 10:08:01,359][MQProducerTestA:30] ==>生产者A:send message:17
[INFO ][20170510 10:08:01,870][MQProducerTestA:30] ==>生产者A:send message:18
[INFO ][20170510 10:08:02,386][MQProducerTestA:30] ==>生产者A:send message:19
[INFO ][20170510 10:08:02,901][MQProducerTestA:30] ==>生产者A:send message:20
[INFO ][20170510 10:08:03,416][MQProducerTestA:30] ==>生产者A:send message:21
[INFO ][20170510 10:08:03,931][MQProducerTestA:30] ==>生产者A:send message:22
[INFO ][20170510 10:08:04,445][MQProducerTestA:30] ==>生产者A:send message:23
[INFO ][20170510 10:08:04,955][MQProducerTestA:30] ==>生产者A:send message:24
[INFO ][20170510 10:08:05,480][MQProducerTestA:30] ==>生产者A:send message:25
[INFO ][20170510 10:08:05,997][MQProducerTestA:30] ==>生产者A:send message:26
[INFO ][20170510 10:08:06,514][MQProducerTestA:30] ==>生产者A:send message:27
[INFO ][20170510 10:08:07,028][MQProducerTestA:30] ==>生产者A:send message:28
[INFO ][20170510 10:08:07,544][MQProducerTestA:30] ==>生产者A:send message:29
[INFO ][20170510 10:08:08,060][MQProducerTestA:30] ==>生产者A:send message:30
[INFO ][20170510 10:08:08,576][MQProducerTestA:30] ==>生产者A:send message:31
[INFO ][20170510 10:08:09,085][MQProducerTestA:30] ==>生产者A:send message:32
[INFO ][20170510 10:08:09,602][MQProducerTestA:30] ==>生产者A:send message:33
[INFO ][20170510 10:08:10,117][MQProducerTestA:30] ==>生产者A:send message:34
[INFO ][20170510 10:08:10,633][MQProducerTestA:30] ==>生产者A:send message:35
[INFO ][20170510 10:08:11,148][MQProducerTestA:30] ==>生产者A:send message:36
[INFO ][20170510 10:08:11,663][MQProducerTestA:30] ==>生产者A:send message:37
[INFO ][20170510 10:08:12,178][MQProducerTestA:30] ==>生产者A:send message:38
[INFO ][20170510 10:08:12,696][MQProducerTestA:30] ==>生产者A:send message:39
[INFO ][20170510 10:08:13,209][MQProducerTestA:30] ==>生产者A:send message:40
[INFO ][20170510 10:08:13,721][MQProducerTestA:30] ==>生产者A:send message:41
[INFO ][20170510 10:08:14,236][MQProducerTestA:30] ==>生产者A:send message:42
[INFO ][20170510 10:08:14,752][MQProducerTestA:30] ==>生产者A:send message:43
[INFO ][20170510 10:08:15,260][MQProducerTestA:30] ==>生产者A:send message:44
[INFO ][20170510 10:08:15,776][MQProducerTestA:30] ==>生产者A:send message:45
[INFO ][20170510 10:08:16,300][MQProducerTestA:30] ==>生产者A:send message:46
[INFO ][20170510 10:08:16,817][MQProducerTestA:30] ==>生产者A:send message:47
[INFO ][20170510 10:08:17,333][MQProducerTestA:30] ==>生产者A:send message:48
[INFO ][20170510 10:08:17,977][MQProducerTestA:30] ==>生产者A:send message:49
[INFO ][20170510 10:08:18,492][MQProducerTestA:30] ==>生产者A:send message:50
[INFO ][20170510 10:08:19,008][MQProducerTestA:30] ==>生产者A:send message:51
[INFO ][20170510 10:08:19,523][MQProducerTestA:30] ==>生产者A:send message:52
[INFO ][20170510 10:08:20,043][MQProducerTestA:30] ==>生产者A:send message:53
[INFO ][20170510 10:08:20,582][MQProducerTestA:30] ==>生产者A:send message:54
[INFO ][20170510 10:08:21,098][MQProducerTestA:30] ==>生产者A:send message:55
[INFO ][20170510 10:08:21,608][MQProducerTestA:30] ==>生产者A:send message:56
[INFO ][20170510 10:08:22,120][MQProducerTestA:30] ==>生产者A:send message:57
[INFO ][20170510 10:08:22,636][MQProducerTestA:30] ==>生产者A:send message:58
[INFO ][20170510 10:08:23,151][MQProducerTestA:30] ==>生产者A:send message:59
[INFO ][20170510 10:08:23,666][MQProducerTestA:30] ==>生产者A:send message:60
[INFO ][20170510 10:08:24,175][MQProducerTestA:30] ==>生产者A:send message:61
[INFO ][20170510 10:08:24,687][MQProducerTestA:30] ==>生产者A:send message:62
[INFO ][20170510 10:08:25,203][MQProducerTestA:30] ==>生产者A:send message:63
[INFO ][20170510 10:08:25,775][MQProducerTestA:30] ==>生产者A:send message:64
[INFO ][20170510 10:08:26,287][MQProducerTestA:30] ==>生产者A:send message:65
[INFO ][20170510 10:08:26,795][MQProducerTestA:30] ==>生产者A:send message:66
[INFO ][20170510 10:08:27,309][MQProducerTestA:30] ==>生产者A:send message:67
[INFO ][20170510 10:08:27,824][MQProducerTestA:30] ==>生产者A:send message:68
[INFO ][20170510 10:08:28,341][MQProducerTestA:30] ==>生产者A:send message:69
[INFO ][20170510 10:08:28,849][MQProducerTestA:30] ==>生产者A:send message:70
[INFO ][20170510 10:08:29,369][MQProducerTestA:30] ==>生产者A:send message:71
[INFO ][20170510 10:08:29,887][MQProducerTestA:30] ==>生产者A:send message:72
[INFO ][20170510 10:08:30,402][MQProducerTestA:30] ==>生产者A:send message:73
[INFO ][20170510 10:08:30,921][MQProducerTestA:30] ==>生产者A:send message:74
[INFO ][20170510 10:08:31,436][MQProducerTestA:30] ==>生产者A:send message:75
[INFO ][20170510 10:08:31,951][MQProducerTestA:30] ==>生产者A:send message:76
[INFO ][20170510 10:08:32,460][MQProducerTestA:30] ==>生产者A:send message:77
[INFO ][20170510 10:08:32,975][MQProducerTestA:30] ==>生产者A:send message:78
[INFO ][20170510 10:08:33,486][MQProducerTestA:30] ==>生产者A:send message:79
[INFO ][20170510 10:08:34,000][MQProducerTestA:30] ==>生产者A:send message:80
[INFO ][20170510 10:08:34,520][MQProducerTestA:30] ==>生产者A:send message:81
[INFO ][20170510 10:08:35,026][MQProducerTestA:30] ==>生产者A:send message:82
[INFO ][20170510 10:08:35,536][MQProducerTestA:30] ==>生产者A:send message:83
[INFO ][20170510 10:08:36,055][MQProducerTestA:30] ==>生产者A:send message:84
[INFO ][20170510 10:08:36,572][MQProducerTestA:30] ==>生产者A:send message:85
[INFO ][20170510 10:08:37,091][MQProducerTestA:30] ==>生产者A:send message:86
[INFO ][20170510 10:08:37,609][MQProducerTestA:30] ==>生产者A:send message:87
[INFO ][20170510 10:08:38,125][MQProducerTestA:30] ==>生产者A:send message:88
[INFO ][20170510 10:08:38,640][MQProducerTestA:30] ==>生产者A:send message:89
[INFO ][20170510 10:08:39,153][MQProducerTestA:30] ==>生产者A:send message:90
[INFO ][20170510 10:08:39,669][MQProducerTestA:30] ==>生产者A:send message:91
[INFO ][20170510 10:08:40,191][MQProducerTestA:30] ==>生产者A:send message:92
[INFO ][20170510 10:08:40,708][MQProducerTestA:30] ==>生产者A:send message:93
[INFO ][20170510 10:08:41,224][MQProducerTestA:30] ==>生产者A:send message:94
[INFO ][20170510 10:08:41,735][MQProducerTestA:30] ==>生产者A:send message:95
[INFO ][20170510 10:08:42,241][MQProducerTestA:30] ==>生产者A:send message:96
[INFO ][20170510 10:08:42,757][MQProducerTestA:30] ==>生产者A:send message:97
[INFO ][20170510 10:08:43,271][MQProducerTestA:30] ==>生产者A:send message:98
[INFO ][20170510 10:08:43,787][MQProducerTestA:30] ==>生产者A:send message:99
[INFO ][20170510 10:08:44,302][MQProducerTestA:30] ==>生产者A:send message:100
[INFO ][20170510 10:08:44,817][MQProducerTestA:30] ==>生产者A:send message:101
[INFO ][20170510 10:08:45,334][MQProducerTestA:30] ==>生产者A:send message:102
[INFO ][20170510 10:08:45,851][MQProducerTestA:30] ==>生产者A:send message:103
[INFO ][20170510 10:08:46,365][MQProducerTestA:30] ==>生产者A:send message:104
[INFO ][20170510 10:08:46,885][MQProducerTestA:30] ==>生产者A:send message:105
[INFO ][20170510 10:08:47,400][MQProducerTestA:30] ==>生产者A:send message:106
[INFO ][20170510 10:08:47,914][MQProducerTestA:30] ==>生产者A:send message:107
[INFO ][20170510 10:08:48,429][MQProducerTestA:30] ==>生产者A:send message:108
[INFO ][20170510 10:08:48,959][MQProducerTestA:30] ==>生产者A:send message:109
[INFO ][20170510 10:08:49,472][MQProducerTestA:30] ==>生产者A:send message:110
[INFO ][20170510 10:08:49,985][MQProducerTestA:30] ==>生产者A:send message:111
[INFO ][20170510 10:08:50,495][MQProducerTestA:30] ==>生产者A:send message:112
[INFO ][20170510 10:08:51,007][MQProducerTestA:30] ==>生产者A:send message:113
[INFO ][20170510 10:08:51,518][MQProducerTestA:30] ==>生产者A:send message:114
[INFO ][20170510 10:08:52,030][MQProducerTestA:30] ==>生产者A:send message:115
[INFO ][20170510 10:08:52,547][MQProducerTestA:30] ==>生产者A:send message:116
[INFO ][20170510 10:08:53,062][MQProducerTestA:30] ==>生产者A:send message:117
[INFO ][20170510 10:08:53,574][MQProducerTestA:30] ==>生产者A:send message:118
[INFO ][20170510 10:08:54,083][MQProducerTestA:30] ==>生产者A:send message:119
[INFO ][20170510 10:08:54,599][MQProducerTestA:30] ==>生产者A:send message:120
[INFO ][20170510 10:08:55,118][MQProducerTestA:30] ==>生产者A:send message:121
[INFO ][20170510 10:08:55,628][MQProducerTestA:30] ==>生产者A:send message:122
[INFO ][20170510 10:08:56,144][MQProducerTestA:30] ==>生产者A:send message:123
[INFO ][20170510 10:08:56,659][MQProducerTestA:30] ==>生产者A:send message:124
[INFO ][20170510 10:08:57,175][MQProducerTestA:30] ==>生产者A:send message:125
[INFO ][20170510 10:08:57,688][MQProducerTestA:30] ==>生产者A:send message:126
[INFO ][20170510 10:08:58,203][MQProducerTestA:30] ==>生产者A:send message:127
[INFO ][20170510 10:08:58,718][MQProducerTestA:30] ==>生产者A:send message:128
[INFO ][20170510 10:08:59,231][MQProducerTestA:30] ==>生产者A:send message:129
[INFO ][20170510 10:08:59,748][MQProducerTestA:30] ==>生产者A:send message:130
[INFO ][20170510 10:09:00,297][MQProducerTestA:30] ==>生产者A:send message:131
[INFO ][20170510 10:09:00,813][MQProducerTestA:30] ==>生产者A:send message:132
[INFO ][20170510 10:09:01,326][MQProducerTestA:30] ==>生产者A:send message:133
[INFO ][20170510 10:09:01,838][MQProducerTestA:30] ==>生产者A:send message:134
[INFO ][20170510 10:09:02,353][MQProducerTestA:30] ==>生产者A:send message:135
[INFO ][20170510 10:09:02,869][MQProducerTestA:30] ==>生产者A:send message:136
[INFO ][20170510 10:09:03,385][MQProducerTestA:30] ==>生产者A:send message:137
[INFO ][20170510 10:09:03,899][MQProducerTestA:30] ==>生产者A:send message:138
[INFO ][20170510 10:09:04,409][MQProducerTestA:30] ==>生产者A:send message:139
[INFO ][20170510 10:09:04,923][MQProducerTestA:30] ==>生产者A:send message:140
[INFO ][20170510 10:09:05,430][MQProducerTestA:30] ==>生产者A:send message:141
[INFO ][20170510 10:09:05,944][MQProducerTestA:30] ==>生产者A:send message:142
[INFO ][20170510 10:09:06,452][MQProducerTestA:30] ==>生产者A:send message:143
[INFO ][20170510 10:09:06,965][MQProducerTestA:30] ==>生产者A:send message:144
[INFO ][20170510 10:09:07,479][MQProducerTestA:30] ==>生产者A:send message:145
[INFO ][20170510 10:09:07,995][MQProducerTestA:30] ==>生产者A:send message:146
[INFO ][20170510 10:09:08,510][MQProducerTestA:30] ==>生产者A:send message:147
[INFO ][20170510 10:09:09,025][MQProducerTestA:30] ==>生产者A:send message:148
[INFO ][20170510 10:09:09,536][MQProducerTestA:30] ==>生产者A:send message:149
[INFO ][20170510 10:09:10,052][MQProducerTestA:30] ==>生产者A:send message:150
[INFO ][20170510 10:09:10,565][MQProducerTestA:30] ==>生产者A:send message:151
[INFO ][20170510 10:09:11,081][MQProducerTestA:30] ==>生产者A:send message:152
[INFO ][20170510 10:09:11,597][MQProducerTestA:30] ==>生产者A:send message:153
[INFO ][20170510 10:09:12,105][MQProducerTestA:30] ==>生产者A:send message:154
[INFO ][20170510 10:09:12,612][MQProducerTestA:30] ==>生产者A:send message:155
[INFO ][20170510 10:09:13,124][MQProducerTestA:30] ==>生产者A:send message:156
[INFO ][20170510 10:09:13,636][MQProducerTestA:30] ==>生产者A:send message:157
[INFO ][20170510 10:09:14,157][MQProducerTestA:30] ==>生产者A:send message:158
[INFO ][20170510 10:09:14,676][MQProducerTestA:30] ==>生产者A:send message:159
[INFO ][20170510 10:09:15,191][MQProducerTestA:30] ==>生产者A:send message:160
[INFO ][20170510 10:09:15,709][MQProducerTestA:30] ==>生产者A:send message:161
[INFO ][20170510 10:09:16,226][MQProducerTestA:30] ==>生产者A:send message:162
[INFO ][20170510 10:09:16,749][MQProducerTestA:30] ==>生产者A:send message:163
[INFO ][20170510 10:09:17,268][MQProducerTestA:30] ==>生产者A:send message:164
[INFO ][20170510 10:09:17,789][MQProducerTestA:30] ==>生产者A:send message:165
[INFO ][20170510 10:09:18,306][MQProducerTestA:30] ==>生产者A:send message:166
[INFO ][20170510 10:09:18,824][MQProducerTestA:30] ==>生产者A:send message:167
[INFO ][20170510 10:09:19,345][MQProducerTestA:30] ==>生产者A:send message:168
[INFO ][20170510 10:09:19,862][MQProducerTestA:30] ==>生产者A:send message:169
[INFO ][20170510 10:09:20,379][MQProducerTestA:30] ==>生产者A:send message:170
[INFO ][20170510 10:09:20,899][MQProducerTestA:30] ==>生产者A:send message:171
[INFO ][20170510 10:09:21,420][MQProducerTestA:30] ==>生产者A:send message:172
[INFO ][20170510 10:09:21,934][MQProducerTestA:30] ==>生产者A:send message:173
[INFO ][20170510 10:09:22,449][MQProducerTestA:30] ==>生产者A:send message:174
[INFO ][20170510 10:09:22,960][MQProducerTestA:30] ==>生产者A:send message:175
[INFO ][20170510 10:09:23,471][MQProducerTestA:30] ==>生产者A:send message:176
[INFO ][20170510 10:09:23,989][MQProducerTestA:30] ==>生产者A:send message:177
[INFO ][20170510 10:09:24,512][MQProducerTestA:30] ==>生产者A:send message:178
[INFO ][20170510 10:09:25,019][MQProducerTestA:30] ==>生产者A:send message:179
[INFO ][20170510 10:09:25,538][MQProducerTestA:30] ==>生产者A:send message:180
[INFO ][20170510 10:09:26,056][MQProducerTestA:30] ==>生产者A:send message:181
[INFO ][20170510 10:09:26,575][MQProducerTestA:30] ==>生产者A:send message:182
[INFO ][20170510 10:09:27,093][MQProducerTestA:30] ==>生产者A:send message:183
[INFO ][20170510 10:09:27,611][MQProducerTestA:30] ==>生产者A:send message:184
[INFO ][20170510 10:09:28,136][MQProducerTestA:30] ==>生产者A:send message:185
[INFO ][20170510 10:09:28,661][MQProducerTestA:30] ==>生产者A:send message:186
[INFO ][20170510 10:09:29,179][MQProducerTestA:30] ==>生产者A:send message:187
[INFO ][20170510 10:09:29,697][MQProducerTestA:30] ==>生产者A:send message:188
[INFO ][20170510 10:09:30,214][MQProducerTestA:30] ==>生产者A:send message:189
[INFO ][20170510 10:09:30,733][MQProducerTestA:30] ==>生产者A:send message:190
[INFO ][20170510 10:09:31,252][MQProducerTestA:30] ==>生产者A:send message:191
[INFO ][20170510 10:09:31,770][MQProducerTestA:30] ==>生产者A:send message:192
[INFO ][20170510 10:09:32,281][MQProducerTestA:30] ==>生产者A:send message:193
[INFO ][20170510 10:09:32,797][MQProducerTestA:30] ==>生产者A:send message:194
[INFO ][20170510 10:09:33,342][MQProducerTestA:30] ==>生产者A:send message:195
