[INFO ][20170510 10:07:26,071][AbstractApplicationContext:513] Refreshing org.springframework.context.support.ClassPathXmlApplicationContext@b2eddc0: startup date [Wed May 10 10:07:26 CST 2017]; root of context hierarchy
[INFO ][20170510 10:07:26,152][XmlBeanDefinitionReader:316] Loading XML bean definitions from class path resource [spring/spring-context.xml]
[INFO ][20170510 10:07:26,532][XmlBeanDefinitionReader:316] Loading XML bean definitions from class path resource [spring/spring-mq.xml]
[INFO ][20170510 10:07:26,567][DefaultListableBeanFactory:746] Overriding bean definition for bean 'consumerSessionAwareMessageListener': replacing [Generic bean: class [wusc.edu.demo.mqtest.listener.ConsumerSessionAwareMessageListener]; scope=singleton; abstract=false; lazyInit=false; autowireMode=1; dependencyCheck=0; autowireCandidate=true; primary=false; factoryBeanName=null; factoryMethodName=null; initMethodName=null; destroyMethodName=null; defined in file [D:\DEVETOOLS\workspacework4.4.1bf\demo-parent\demo-activemq-parent\demo-mqconsumer-A\target\classes\wusc\edu\demo\mqtest\listener\ConsumerSessionAwareMessageListener.class]] with [Generic bean: class [wusc.edu.demo.mqtest.listener.ConsumerSessionAwareMessageListener]; scope=; abstract=false; lazyInit=false; autowireMode=1; dependencyCheck=0; autowireCandidate=true; primary=false; factoryBeanName=null; factoryMethodName=null; initMethodName=null; destroyMethodName=null; defined in class path resource [spring/spring-mq.xml]]
[INFO ][20170510 10:07:26,568][XmlBeanDefinitionReader:316] Loading XML bean definitions from class path resource [spring/spring-mail.xml]
[INFO ][20170510 10:07:26,707][PropertiesLoaderSupport:172] Loading properties file from class path resource [mq.properties]
[INFO ][20170510 10:07:26,707][PropertiesLoaderSupport:172] Loading properties file from class path resource [mail.properties]
[INFO ][20170510 10:07:26,864][ExecutorConfigurationSupport:165] Initializing ExecutorService  'threadPool'
[INFO ][20170510 10:07:27,033][DefaultLifecycleProcessor$LifecycleGroup:341] Starting beans in phase 2147483647
[INFO ][20170510 10:07:27,196][SingleConnectionFactory:298] Established shared JMS Connection: PooledConnection { ConnectionPool[ActiveMQConnection {id=ID:z-PC-52556-1494382047089-1:1,clientId=null,started=false}] }
[INFO ][20170510 10:07:27,245][FailoverTransport:1030] Successfully connected to tcp://192.168.1.5:51511
[INFO ][20170510 10:07:27,289][DefaultLifecycleProcessor$LifecycleGroup:341] Starting beans in phase 2147483647
[INFO ][20170510 10:08:41,227][AbstractApplicationContext:513] Refreshing org.springframework.context.support.ClassPathXmlApplicationContext@63827a5a: startup date [Wed May 10 10:08:41 CST 2017]; root of context hierarchy
[INFO ][20170510 10:08:41,264][XmlBeanDefinitionReader:316] Loading XML bean definitions from class path resource [spring/spring-context.xml]
[INFO ][20170510 10:08:41,430][XmlBeanDefinitionReader:316] Loading XML bean definitions from class path resource [spring/spring-mq.xml]
[INFO ][20170510 10:08:41,459][DefaultListableBeanFactory:746] Overriding bean definition for bean 'consumerSessionAwareMessageListener': replacing [Generic bean: class [wusc.edu.demo.mqtest.listener.ConsumerSessionAwareMessageListener]; scope=singleton; abstract=false; lazyInit=false; autowireMode=1; dependencyCheck=0; autowireCandidate=true; primary=false; factoryBeanName=null; factoryMethodName=null; initMethodName=null; destroyMethodName=null; defined in file [D:\DEVETOOLS\workspacework4.4.1bf\demo-parent\demo-activemq-parent\demo-mqconsumer-A\target\classes\wusc\edu\demo\mqtest\listener\ConsumerSessionAwareMessageListener.class]] with [Generic bean: class [wusc.edu.demo.mqtest.listener.ConsumerSessionAwareMessageListener]; scope=; abstract=false; lazyInit=false; autowireMode=1; dependencyCheck=0; autowireCandidate=true; primary=false; factoryBeanName=null; factoryMethodName=null; initMethodName=null; destroyMethodName=null; defined in class path resource [spring/spring-mq.xml]]
[INFO ][20170510 10:08:41,460][XmlBeanDefinitionReader:316] Loading XML bean definitions from class path resource [spring/spring-mail.xml]
[INFO ][20170510 10:08:41,563][PropertiesLoaderSupport:172] Loading properties file from class path resource [mq.properties]
[INFO ][20170510 10:08:41,563][PropertiesLoaderSupport:172] Loading properties file from class path resource [mail.properties]
[INFO ][20170510 10:08:41,667][ExecutorConfigurationSupport:165] Initializing ExecutorService  'threadPool'
[INFO ][20170510 10:08:41,770][DefaultLifecycleProcessor$LifecycleGroup:341] Starting beans in phase 2147483647
[INFO ][20170510 10:08:41,907][SingleConnectionFactory:298] Established shared JMS Connection: PooledConnection { ConnectionPool[ActiveMQConnection {id=ID:z-PC-52571-1494382121796-1:1,clientId=null,started=false}] }
[INFO ][20170510 10:08:41,950][FailoverTransport:1030] Successfully connected to tcp://192.168.1.5:51511
[INFO ][20170510 10:08:41,961][DefaultLifecycleProcessor$LifecycleGroup:341] Starting beans in phase 2147483647
[INFO ][20170510 10:09:12,702][ConsumerSessionAwareMessageListener:48] ==>消费者A:receive message:{"content":"生产者A:155:通过ActiveMQ异步发送邮件！","subject":"生产者A:155:ActiveMQ测试","to":"生产者A:155:wu-sc@foxmail.com"}
[INFO ][20170510 10:09:13,132][ConsumerSessionAwareMessageListener:48] ==>消费者A:receive message:{"content":"生产者A:156:通过ActiveMQ异步发送邮件！","subject":"生产者A:156:ActiveMQ测试","to":"生产者A:156:wu-sc@foxmail.com"}
[INFO ][20170510 10:09:13,641][ConsumerSessionAwareMessageListener:48] ==>消费者A:receive message:{"content":"生产者A:157:通过ActiveMQ异步发送邮件！","subject":"生产者A:157:ActiveMQ测试","to":"生产者A:157:wu-sc@foxmail.com"}
[INFO ][20170510 10:09:14,161][ConsumerSessionAwareMessageListener:48] ==>消费者A:receive message:{"content":"生产者A:158:通过ActiveMQ异步发送邮件！","subject":"生产者A:158:ActiveMQ测试","to":"生产者A:158:wu-sc@foxmail.com"}
[INFO ][20170510 10:09:14,681][ConsumerSessionAwareMessageListener:48] ==>消费者A:receive message:{"content":"生产者A:159:通过ActiveMQ异步发送邮件！","subject":"生产者A:159:ActiveMQ测试","to":"生产者A:159:wu-sc@foxmail.com"}
[INFO ][20170510 10:09:15,195][ConsumerSessionAwareMessageListener:48] ==>消费者A:receive message:{"content":"生产者A:160:通过ActiveMQ异步发送邮件！","subject":"生产者A:160:ActiveMQ测试","to":"生产者A:160:wu-sc@foxmail.com"}
[INFO ][20170510 10:09:15,713][ConsumerSessionAwareMessageListener:48] ==>消费者A:receive message:{"content":"生产者A:161:通过ActiveMQ异步发送邮件！","subject":"生产者A:161:ActiveMQ测试","to":"生产者A:161:wu-sc@foxmail.com"}
[INFO ][20170510 10:09:16,234][ConsumerSessionAwareMessageListener:48] ==>消费者A:receive message:{"content":"生产者A:162:通过ActiveMQ异步发送邮件！","subject":"生产者A:162:ActiveMQ测试","to":"生产者A:162:wu-sc@foxmail.com"}
[INFO ][20170510 10:09:16,753][ConsumerSessionAwareMessageListener:48] ==>消费者A:receive message:{"content":"生产者A:163:通过ActiveMQ异步发送邮件！","subject":"生产者A:163:ActiveMQ测试","to":"生产者A:163:wu-sc@foxmail.com"}
[INFO ][20170510 10:09:17,273][ConsumerSessionAwareMessageListener:48] ==>消费者A:receive message:{"content":"生产者A:164:通过ActiveMQ异步发送邮件！","subject":"生产者A:164:ActiveMQ测试","to":"生产者A:164:wu-sc@foxmail.com"}
[INFO ][20170510 10:09:17,793][ConsumerSessionAwareMessageListener:48] ==>消费者A:receive message:{"content":"生产者A:165:通过ActiveMQ异步发送邮件！","subject":"生产者A:165:ActiveMQ测试","to":"生产者A:165:wu-sc@foxmail.com"}
[INFO ][20170510 10:09:18,310][ConsumerSessionAwareMessageListener:48] ==>消费者A:receive message:{"content":"生产者A:166:通过ActiveMQ异步发送邮件！","subject":"生产者A:166:ActiveMQ测试","to":"生产者A:166:wu-sc@foxmail.com"}
[INFO ][20170510 10:09:18,833][ConsumerSessionAwareMessageListener:48] ==>消费者A:receive message:{"content":"生产者A:167:通过ActiveMQ异步发送邮件！","subject":"生产者A:167:ActiveMQ测试","to":"生产者A:167:wu-sc@foxmail.com"}
[INFO ][20170510 10:09:19,349][ConsumerSessionAwareMessageListener:48] ==>消费者A:receive message:{"content":"生产者A:168:通过ActiveMQ异步发送邮件！","subject":"生产者A:168:ActiveMQ测试","to":"生产者A:168:wu-sc@foxmail.com"}
[INFO ][20170510 10:09:19,866][ConsumerSessionAwareMessageListener:48] ==>消费者A:receive message:{"content":"生产者A:169:通过ActiveMQ异步发送邮件！","subject":"生产者A:169:ActiveMQ测试","to":"生产者A:169:wu-sc@foxmail.com"}
[INFO ][20170510 10:09:20,383][ConsumerSessionAwareMessageListener:48] ==>消费者A:receive message:{"content":"生产者A:170:通过ActiveMQ异步发送邮件！","subject":"生产者A:170:ActiveMQ测试","to":"生产者A:170:wu-sc@foxmail.com"}
[INFO ][20170510 10:09:20,905][ConsumerSessionAwareMessageListener:48] ==>消费者A:receive message:{"content":"生产者A:171:通过ActiveMQ异步发送邮件！","subject":"生产者A:171:ActiveMQ测试","to":"生产者A:171:wu-sc@foxmail.com"}
[INFO ][20170510 10:09:21,424][ConsumerSessionAwareMessageListener:48] ==>消费者A:receive message:{"content":"生产者A:172:通过ActiveMQ异步发送邮件！","subject":"生产者A:172:ActiveMQ测试","to":"生产者A:172:wu-sc@foxmail.com"}
[INFO ][20170510 10:09:21,941][ConsumerSessionAwareMessageListener:48] ==>消费者A:receive message:{"content":"生产者A:173:通过ActiveMQ异步发送邮件！","subject":"生产者A:173:ActiveMQ测试","to":"生产者A:173:wu-sc@foxmail.com"}
[INFO ][20170510 10:09:22,452][ConsumerSessionAwareMessageListener:48] ==>消费者A:receive message:{"content":"生产者A:174:通过ActiveMQ异步发送邮件！","subject":"生产者A:174:ActiveMQ测试","to":"生产者A:174:wu-sc@foxmail.com"}
[INFO ][20170510 10:09:22,964][ConsumerSessionAwareMessageListener:48] ==>消费者A:receive message:{"content":"生产者A:175:通过ActiveMQ异步发送邮件！","subject":"生产者A:175:ActiveMQ测试","to":"生产者A:175:wu-sc@foxmail.com"}
[INFO ][20170510 10:09:23,475][ConsumerSessionAwareMessageListener:48] ==>消费者A:receive message:{"content":"生产者A:176:通过ActiveMQ异步发送邮件！","subject":"生产者A:176:ActiveMQ测试","to":"生产者A:176:wu-sc@foxmail.com"}
[INFO ][20170510 10:09:23,993][ConsumerSessionAwareMessageListener:48] ==>消费者A:receive message:{"content":"生产者A:177:通过ActiveMQ异步发送邮件！","subject":"生产者A:177:ActiveMQ测试","to":"生产者A:177:wu-sc@foxmail.com"}
[INFO ][20170510 10:09:24,514][ConsumerSessionAwareMessageListener:48] ==>消费者A:receive message:{"content":"生产者A:178:通过ActiveMQ异步发送邮件！","subject":"生产者A:178:ActiveMQ测试","to":"生产者A:178:wu-sc@foxmail.com"}
[INFO ][20170510 10:09:25,024][ConsumerSessionAwareMessageListener:48] ==>消费者A:receive message:{"content":"生产者A:179:通过ActiveMQ异步发送邮件！","subject":"生产者A:179:ActiveMQ测试","to":"生产者A:179:wu-sc@foxmail.com"}
[INFO ][20170510 10:09:25,542][ConsumerSessionAwareMessageListener:48] ==>消费者A:receive message:{"content":"生产者A:180:通过ActiveMQ异步发送邮件！","subject":"生产者A:180:ActiveMQ测试","to":"生产者A:180:wu-sc@foxmail.com"}
[INFO ][20170510 10:09:26,060][ConsumerSessionAwareMessageListener:48] ==>消费者A:receive message:{"content":"生产者A:181:通过ActiveMQ异步发送邮件！","subject":"生产者A:181:ActiveMQ测试","to":"生产者A:181:wu-sc@foxmail.com"}
[INFO ][20170510 10:09:26,579][ConsumerSessionAwareMessageListener:48] ==>消费者A:receive message:{"content":"生产者A:182:通过ActiveMQ异步发送邮件！","subject":"生产者A:182:ActiveMQ测试","to":"生产者A:182:wu-sc@foxmail.com"}
[INFO ][20170510 10:09:27,097][ConsumerSessionAwareMessageListener:48] ==>消费者A:receive message:{"content":"生产者A:183:通过ActiveMQ异步发送邮件！","subject":"生产者A:183:ActiveMQ测试","to":"生产者A:183:wu-sc@foxmail.com"}
[INFO ][20170510 10:09:27,616][ConsumerSessionAwareMessageListener:48] ==>消费者A:receive message:{"content":"生产者A:184:通过ActiveMQ异步发送邮件！","subject":"生产者A:184:ActiveMQ测试","to":"生产者A:184:wu-sc@foxmail.com"}
[INFO ][20170510 10:09:28,147][ConsumerSessionAwareMessageListener:48] ==>消费者A:receive message:{"content":"生产者A:185:通过ActiveMQ异步发送邮件！","subject":"生产者A:185:ActiveMQ测试","to":"生产者A:185:wu-sc@foxmail.com"}
[INFO ][20170510 10:09:28,665][ConsumerSessionAwareMessageListener:48] ==>消费者A:receive message:{"content":"生产者A:186:通过ActiveMQ异步发送邮件！","subject":"生产者A:186:ActiveMQ测试","to":"生产者A:186:wu-sc@foxmail.com"}
[INFO ][20170510 10:09:29,184][ConsumerSessionAwareMessageListener:48] ==>消费者A:receive message:{"content":"生产者A:187:通过ActiveMQ异步发送邮件！","subject":"生产者A:187:ActiveMQ测试","to":"生产者A:187:wu-sc@foxmail.com"}
[INFO ][20170510 10:09:29,702][ConsumerSessionAwareMessageListener:48] ==>消费者A:receive message:{"content":"生产者A:188:通过ActiveMQ异步发送邮件！","subject":"生产者A:188:ActiveMQ测试","to":"生产者A:188:wu-sc@foxmail.com"}
[INFO ][20170510 10:09:30,218][ConsumerSessionAwareMessageListener:48] ==>消费者A:receive message:{"content":"生产者A:189:通过ActiveMQ异步发送邮件！","subject":"生产者A:189:ActiveMQ测试","to":"生产者A:189:wu-sc@foxmail.com"}
[INFO ][20170510 10:09:30,737][ConsumerSessionAwareMessageListener:48] ==>消费者A:receive message:{"content":"生产者A:190:通过ActiveMQ异步发送邮件！","subject":"生产者A:190:ActiveMQ测试","to":"生产者A:190:wu-sc@foxmail.com"}
[INFO ][20170510 10:09:31,257][ConsumerSessionAwareMessageListener:48] ==>消费者A:receive message:{"content":"生产者A:191:通过ActiveMQ异步发送邮件！","subject":"生产者A:191:ActiveMQ测试","to":"生产者A:191:wu-sc@foxmail.com"}
[INFO ][20170510 10:09:31,777][ConsumerSessionAwareMessageListener:48] ==>消费者A:receive message:{"content":"生产者A:192:通过ActiveMQ异步发送邮件！","subject":"生产者A:192:ActiveMQ测试","to":"生产者A:192:wu-sc@foxmail.com"}
[INFO ][20170510 10:09:32,285][ConsumerSessionAwareMessageListener:48] ==>消费者A:receive message:{"content":"生产者A:193:通过ActiveMQ异步发送邮件！","subject":"生产者A:193:ActiveMQ测试","to":"生产者A:193:wu-sc@foxmail.com"}
[INFO ][20170510 10:09:32,801][ConsumerSessionAwareMessageListener:48] ==>消费者A:receive message:{"content":"生产者A:194:通过ActiveMQ异步发送邮件！","subject":"生产者A:194:ActiveMQ测试","to":"生产者A:194:wu-sc@foxmail.com"}
[INFO ][20170510 10:09:33,346][ConsumerSessionAwareMessageListener:48] ==>消费者A:receive message:{"content":"生产者A:195:通过ActiveMQ异步发送邮件！","subject":"生产者A:195:ActiveMQ测试","to":"生产者A:195:wu-sc@foxmail.com"}
